"2021-01-26 21:01:45 [restartedMain] INFO  com.example.demo.DemoApplication - Starting DemoApplication using Java 10.0.2 on WIN-6SHC6RFF30Q with PID 6656 (D:\Рабочая папка\Лёхич\Java\Blog\target\classes started by User in D:\Рабочая папка\Лёхич\Java\Blog)
""2021-01-26 21:01:45 [restartedMain] INFO  com.example.demo.DemoApplication - No active profile set, falling back to default profiles: default
""2021-01-26 21:01:45 [restartedMain] INFO  o.s.b.d.e.DevToolsPropertyDefaultsPostProcessor - Devtools property defaults active! Set 'spring.devtools.add-properties' to 'false' to disable
""2021-01-26 21:01:45 [restartedMain] INFO  o.s.b.d.e.DevToolsPropertyDefaultsPostProcessor - For additional web related logging consider setting the 'logging.level.web' property to 'DEBUG'
""2021-01-26 21:02:07 [restartedMain] INFO  com.example.demo.DemoApplication - Starting DemoApplication using Java 10.0.2 on WIN-6SHC6RFF30Q with PID 7372 (D:\Рабочая папка\Лёхич\Java\Blog\target\classes started by User in D:\Рабочая папка\Лёхич\Java\Blog)
""2021-01-26 21:02:07 [restartedMain] INFO  com.example.demo.DemoApplication - No active profile set, falling back to default profiles: default
""2021-01-26 21:02:07 [restartedMain] INFO  o.s.b.d.e.DevToolsPropertyDefaultsPostProcessor - Devtools property defaults active! Set 'spring.devtools.add-properties' to 'false' to disable
""2021-01-26 21:02:07 [restartedMain] INFO  o.s.b.d.e.DevToolsPropertyDefaultsPostProcessor - For additional web related logging consider setting the 'logging.level.web' property to 'DEBUG'
""2021-01-26 21:02:09 [restartedMain] INFO  o.s.d.r.c.RepositoryConfigurationDelegate - Bootstrapping Spring Data JPA repositories in DEFAULT mode.
""2021-01-26 21:02:09 [restartedMain] INFO  o.s.d.r.c.RepositoryConfigurationDelegate - Finished Spring Data repository scanning in 138 ms. Found 3 JPA repository interfaces.
""2021-01-26 21:02:10 [restartedMain] INFO  o.s.c.s.PostProcessorRegistrationDelegate$BeanPostProcessorChecker - Bean 'org.springframework.security.access.expression.method.DefaultMethodSecurityExpressionHandler@7a7bb191' of type [org.springframework.security.access.expression.method.DefaultMethodSecurityExpressionHandler] is not eligible for getting processed by all BeanPostProcessors (for example: not eligible for auto-proxying)
""2021-01-26 21:02:10 [restartedMain] INFO  o.s.c.s.PostProcessorRegistrationDelegate$BeanPostProcessorChecker - Bean 'methodSecurityMetadataSource' of type [org.springframework.security.access.method.DelegatingMethodSecurityMetadataSource] is not eligible for getting processed by all BeanPostProcessors (for example: not eligible for auto-proxying)
""2021-01-26 21:02:11 [restartedMain] INFO  o.s.b.w.e.tomcat.TomcatWebServer - Tomcat initialized with port(s): 8080 (http)
""2021-01-26 21:02:11 [restartedMain] INFO  o.a.catalina.core.StandardService - Starting service [Tomcat]
""2021-01-26 21:02:11 [restartedMain] INFO  o.a.catalina.core.StandardEngine - Starting Servlet engine: [Apache Tomcat/9.0.41]
""2021-01-26 21:02:11 [restartedMain] INFO  o.a.c.c.C.[Tomcat].[localhost].[/] - Initializing Spring embedded WebApplicationContext
""2021-01-26 21:02:11 [restartedMain] INFO  o.s.b.w.s.c.ServletWebServerApplicationContext - Root WebApplicationContext: initialization completed in 3984 ms
""2021-01-26 21:02:12 [restartedMain] INFO  o.h.jpa.internal.util.LogHelper - HHH000204: Processing PersistenceUnitInfo [name: default]
""2021-01-26 21:02:12 [restartedMain] INFO  org.hibernate.Version - HHH000412: Hibernate ORM core version 5.4.27.Final
""2021-01-26 21:02:12 [restartedMain] INFO  o.h.annotations.common.Version - HCANN000001: Hibernate Commons Annotations {5.1.2.Final}
""2021-01-26 21:02:12 [restartedMain] INFO  com.zaxxer.hikari.HikariDataSource - HikariPool-1 - Starting...
""2021-01-26 21:02:13 [restartedMain] INFO  com.zaxxer.hikari.HikariDataSource - HikariPool-1 - Start completed.
""2021-01-26 21:02:13 [restartedMain] INFO  org.hibernate.dialect.Dialect - HHH000400: Using dialect: org.hibernate.dialect.MySQL8Dialect
""2021-01-26 21:02:17 [restartedMain] INFO  o.h.e.t.j.p.i.JtaPlatformInitiator - HHH000490: Using JtaPlatform implementation: [org.hibernate.engine.transaction.jta.platform.internal.NoJtaPlatform]
""2021-01-26 21:02:17 [restartedMain] INFO  o.s.o.j.LocalContainerEntityManagerFactoryBean - Initialized JPA EntityManagerFactory for persistence unit 'default'
""2021-01-26 21:02:17 [restartedMain] INFO  o.s.b.d.a.OptionalLiveReloadServer - LiveReload server is running on port 35729
""2021-01-26 21:02:17 [restartedMain] WARN  o.s.b.a.o.j.JpaBaseConfiguration$JpaWebConfiguration - spring.jpa.open-in-view is enabled by default. Therefore, database queries may be performed during view rendering. Explicitly configure spring.jpa.open-in-view to disable this warning
""2021-01-26 21:02:18 [restartedMain] INFO  o.s.s.web.DefaultSecurityFilterChain - Will secure any request with [org.springframework.security.web.context.request.async.WebAsyncManagerIntegrationFilter@6d22407, org.springframework.security.web.context.SecurityContextPersistenceFilter@10da9069, org.springframework.security.web.header.HeaderWriterFilter@5749f9b6, org.springframework.security.web.authentication.logout.LogoutFilter@32cb51ee, org.springframework.security.web.savedrequest.RequestCacheAwareFilter@2294da97, org.springframework.security.web.servletapi.SecurityContextHolderAwareRequestFilter@276e814b, org.springframework.security.web.authentication.AnonymousAuthenticationFilter@defb784, org.springframework.security.web.session.SessionManagementFilter@e88149c, org.springframework.security.web.access.ExceptionTranslationFilter@1442b26]
""2021-01-26 21:02:19 [restartedMain] INFO  o.s.s.c.ThreadPoolTaskExecutor - Initializing ExecutorService 'applicationTaskExecutor'
""2021-01-26 21:02:19 [restartedMain] INFO  o.s.s.c.ThreadPoolTaskScheduler - Initializing ExecutorService 'taskScheduler'
""2021-01-26 21:02:19 [restartedMain] INFO  o.s.b.w.e.tomcat.TomcatWebServer - Tomcat started on port(s): 8080 (http) with context path ''
""2021-01-26 21:02:19 [restartedMain] INFO  com.example.demo.DemoApplication - Started DemoApplication in 13.736 seconds (JVM running for 16.521)
""2021-01-26 21:02:58 [restartedMain] INFO  com.example.demo.DemoApplication - Starting DemoApplication using Java 10.0.2 on WIN-6SHC6RFF30Q with PID 244 (D:\Рабочая папка\Лёхич\Java\Blog\target\classes started by User in D:\Рабочая папка\Лёхич\Java\Blog)
""2021-01-26 21:02:58 [restartedMain] INFO  com.example.demo.DemoApplication - No active profile set, falling back to default profiles: default
""2021-01-26 21:02:58 [restartedMain] INFO  o.s.b.d.e.DevToolsPropertyDefaultsPostProcessor - Devtools property defaults active! Set 'spring.devtools.add-properties' to 'false' to disable
""2021-01-26 21:02:58 [restartedMain] INFO  o.s.b.d.e.DevToolsPropertyDefaultsPostProcessor - For additional web related logging consider setting the 'logging.level.web' property to 'DEBUG'
""2021-01-26 21:03:00 [restartedMain] INFO  o.s.d.r.c.RepositoryConfigurationDelegate - Bootstrapping Spring Data JPA repositories in DEFAULT mode.
""2021-01-26 21:03:00 [restartedMain] INFO  o.s.d.r.c.RepositoryConfigurationDelegate - Finished Spring Data repository scanning in 98 ms. Found 3 JPA repository interfaces.
""2021-01-26 21:03:00 [restartedMain] INFO  o.s.c.s.PostProcessorRegistrationDelegate$BeanPostProcessorChecker - Bean 'org.springframework.security.access.expression.method.DefaultMethodSecurityExpressionHandler@20123cef' of type [org.springframework.security.access.expression.method.DefaultMethodSecurityExpressionHandler] is not eligible for getting processed by all BeanPostProcessors (for example: not eligible for auto-proxying)
""2021-01-26 21:03:00 [restartedMain] INFO  o.s.c.s.PostProcessorRegistrationDelegate$BeanPostProcessorChecker - Bean 'methodSecurityMetadataSource' of type [org.springframework.security.access.method.DelegatingMethodSecurityMetadataSource] is not eligible for getting processed by all BeanPostProcessors (for example: not eligible for auto-proxying)
""2021-01-26 21:03:01 [restartedMain] INFO  o.s.b.w.e.tomcat.TomcatWebServer - Tomcat initialized with port(s): 8080 (http)
""2021-01-26 21:03:01 [restartedMain] INFO  o.a.catalina.core.StandardService - Starting service [Tomcat]
""2021-01-26 21:03:01 [restartedMain] INFO  o.a.catalina.core.StandardEngine - Starting Servlet engine: [Apache Tomcat/9.0.41]
""2021-01-26 21:03:01 [restartedMain] INFO  o.a.c.c.C.[Tomcat].[localhost].[/] - Initializing Spring embedded WebApplicationContext
""2021-01-26 21:03:01 [restartedMain] INFO  o.s.b.w.s.c.ServletWebServerApplicationContext - Root WebApplicationContext: initialization completed in 3407 ms
""2021-01-26 21:03:02 [restartedMain] INFO  o.h.jpa.internal.util.LogHelper - HHH000204: Processing PersistenceUnitInfo [name: default]
""2021-01-26 21:03:02 [restartedMain] INFO  org.hibernate.Version - HHH000412: Hibernate ORM core version 5.4.27.Final
""2021-01-26 21:03:02 [restartedMain] INFO  o.h.annotations.common.Version - HCANN000001: Hibernate Commons Annotations {5.1.2.Final}
""2021-01-26 21:03:02 [restartedMain] INFO  com.zaxxer.hikari.HikariDataSource - HikariPool-1 - Starting...
""2021-01-26 21:03:03 [restartedMain] INFO  com.zaxxer.hikari.HikariDataSource - HikariPool-1 - Start completed.
""2021-01-26 21:03:03 [restartedMain] INFO  org.hibernate.dialect.Dialect - HHH000400: Using dialect: org.hibernate.dialect.MySQL8Dialect
""2021-01-26 21:03:04 [restartedMain] INFO  o.h.e.t.j.p.i.JtaPlatformInitiator - HHH000490: Using JtaPlatform implementation: [org.hibernate.engine.transaction.jta.platform.internal.NoJtaPlatform]
""2021-01-26 21:03:04 [restartedMain] INFO  o.s.o.j.LocalContainerEntityManagerFactoryBean - Initialized JPA EntityManagerFactory for persistence unit 'default'
""2021-01-26 21:03:04 [restartedMain] WARN  o.s.b.a.o.j.JpaBaseConfiguration$JpaWebConfiguration - spring.jpa.open-in-view is enabled by default. Therefore, database queries may be performed during view rendering. Explicitly configure spring.jpa.open-in-view to disable this warning
""2021-01-26 21:03:05 [restartedMain] INFO  o.s.s.web.DefaultSecurityFilterChain - Will secure any request with [org.springframework.security.web.context.request.async.WebAsyncManagerIntegrationFilter@76584ec9, org.springframework.security.web.context.SecurityContextPersistenceFilter@674f2d7a, org.springframework.security.web.header.HeaderWriterFilter@3a14c27, org.springframework.security.web.authentication.logout.LogoutFilter@3ac3509a, org.springframework.security.web.savedrequest.RequestCacheAwareFilter@7c08c0b8, org.springframework.security.web.servletapi.SecurityContextHolderAwareRequestFilter@b2151b, org.springframework.security.web.authentication.AnonymousAuthenticationFilter@6d333513, org.springframework.security.web.session.SessionManagementFilter@5ad937f, org.springframework.security.web.access.ExceptionTranslationFilter@25ab92f]
""2021-01-26 21:03:06 [restartedMain] INFO  o.s.s.c.ThreadPoolTaskExecutor - Initializing ExecutorService 'applicationTaskExecutor'
""2021-01-26 21:03:06 [restartedMain] INFO  o.s.s.c.ThreadPoolTaskScheduler - Initializing ExecutorService 'taskScheduler'
""2021-01-26 21:03:06 [restartedMain] INFO  o.s.b.d.a.OptionalLiveReloadServer - LiveReload server is running on port 35729
""2021-01-26 21:03:06 [restartedMain] INFO  o.s.b.w.e.tomcat.TomcatWebServer - Tomcat started on port(s): 8080 (http) with context path ''
""2021-01-26 21:03:06 [restartedMain] INFO  com.example.demo.DemoApplication - Started DemoApplication in 9.92 seconds (JVM running for 12.535)
""2021-01-26 21:18:18 [http-nio-8080-exec-2] INFO  o.a.c.c.C.[Tomcat].[localhost].[/] - Initializing Spring DispatcherServlet 'dispatcherServlet'
""2021-01-26 21:18:18 [http-nio-8080-exec-2] INFO  o.s.web.servlet.DispatcherServlet - Initializing Servlet 'dispatcherServlet'
""2021-01-26 21:18:18 [http-nio-8080-exec-2] INFO  o.s.web.servlet.DispatcherServlet - Completed initialization in 4 ms
""2021-01-26 21:18:27 [http-nio-8080-exec-2] INFO  c.e.demo.service.UserServiceImpl - Email with text Please verify your account by clicking this link http://localhost:8080/auth/confirm/8556b3f2-848c-4534-975a-1b15be8af95e was sent to address Tuteishyf@gmail.com.
""2021-01-26 21:18:27 [http-nio-8080-exec-2] INFO  c.e.demo.service.UserServiceImpl - User User(id=1, firstName=Nemec, lastName=Nemec, email=Tuteishyf@gmail.com, createdAt=Tue Jan 26 21:18:18 MSK 2021, enabled=false) was created.
""2021-01-26 21:19:02 [http-nio-8080-exec-3] INFO  c.e.demo.service.UserServiceImpl - Email with text Your account has been successfully verified was sent to address Tuteishyf@gmail.com.
""2021-01-26 21:19:02 [http-nio-8080-exec-3] INFO  c.e.demo.service.UserServiceImpl - User User(id=1, firstName=Nemec, lastName=Nemec, email=Tuteishyf@gmail.com, createdAt=2021-01-26 21:18:18.524, enabled=true) was confirm.
""2021-01-26 21:19:44 [http-nio-8080-exec-8] INFO  c.e.demo.service.UserServiceImpl - Email with text Please, send us this code to reset your password 0691 was sent to address Tuteishyf@gmail.com.
""2021-01-26 21:19:44 [http-nio-8080-exec-8] INFO  c.e.demo.service.UserServiceImpl - Code ResetCode(id=0, code=0691, expiryDate=Tue Jan 26 21:34:38 MSK 2021, user=User(id=1, firstName=Nemec, lastName=Nemec, email=Tuteishyf@gmail.com, createdAt=2021-01-26 21:18:18.524, enabled=true)) was created.
""2021-01-26 21:19:44 [http-nio-8080-exec-8] ERROR o.a.c.c.C.[.[.[.[dispatcherServlet] - Servlet.service() for servlet [dispatcherServlet] in context with path [] threw exception [Request processing failed; nested exception is org.springframework.dao.InvalidDataAccessApiUsageException: org.hibernate.TransientPropertyValueException: object references an unsaved transient instance - save the transient instance before flushing : com.example.demo.entity.User.code -> com.example.demo.entity.ResetCode; nested exception is java.lang.IllegalStateException: org.hibernate.TransientPropertyValueException: object references an unsaved transient instance - save the transient instance before flushing : com.example.demo.entity.User.code -> com.example.demo.entity.ResetCode] with root cause
"org.hibernate.TransientPropertyValueException: object references an unsaved transient instance - save the transient instance before flushing : com.example.demo.entity.User.code -> com.example.demo.entity.ResetCode
	at org.hibernate.engine.spi.CascadingActions$8.noCascade(CascadingActions.java:379)
	at org.hibernate.engine.internal.Cascade.cascade(Cascade.java:167)
	at org.hibernate.event.internal.AbstractFlushingEventListener.cascadeOnFlush(AbstractFlushingEventListener.java:158)
	at org.hibernate.event.internal.AbstractFlushingEventListener.prepareEntityFlushes(AbstractFlushingEventListener.java:148)
	at org.hibernate.event.internal.AbstractFlushingEventListener.flushEverythingToExecutions(AbstractFlushingEventListener.java:81)
	at org.hibernate.event.internal.DefaultFlushEventListener.onFlush(DefaultFlushEventListener.java:39)
	at org.hibernate.event.service.internal.EventListenerGroupImpl.fireEventOnEachListener(EventListenerGroupImpl.java:102)
	at org.hibernate.internal.SessionImpl.doFlush(SessionImpl.java:1362)
	at org.hibernate.internal.SessionImpl.managedFlush(SessionImpl.java:453)
	at org.hibernate.internal.SessionImpl.flushBeforeTransactionCompletion(SessionImpl.java:3212)
	at org.hibernate.internal.SessionImpl.beforeTransactionCompletion(SessionImpl.java:2380)
	at org.hibernate.engine.jdbc.internal.JdbcCoordinatorImpl.beforeTransactionCompletion(JdbcCoordinatorImpl.java:447)
	at org.hibernate.resource.transaction.backend.jdbc.internal.JdbcResourceLocalTransactionCoordinatorImpl.beforeCompletionCallback(JdbcResourceLocalTransactionCoordinatorImpl.java:183)
	at org.hibernate.resource.transaction.backend.jdbc.internal.JdbcResourceLocalTransactionCoordinatorImpl.access$300(JdbcResourceLocalTransactionCoordinatorImpl.java:40)
	at org.hibernate.resource.transaction.backend.jdbc.internal.JdbcResourceLocalTransactionCoordinatorImpl$TransactionDriverControlImpl.commit(JdbcResourceLocalTransactionCoordinatorImpl.java:281)
	at org.hibernate.engine.transaction.internal.TransactionImpl.commit(TransactionImpl.java:101)
	at org.springframework.orm.jpa.JpaTransactionManager.doCommit(JpaTransactionManager.java:562)
	at org.springframework.transaction.support.AbstractPlatformTransactionManager.processCommit(AbstractPlatformTransactionManager.java:743)
	at org.springframework.transaction.support.AbstractPlatformTransactionManager.commit(AbstractPlatformTransactionManager.java:711)
	at org.springframework.transaction.interceptor.TransactionAspectSupport.commitTransactionAfterReturning(TransactionAspectSupport.java:654)
	at org.springframework.transaction.interceptor.TransactionAspectSupport.invokeWithinTransaction(TransactionAspectSupport.java:407)
	at org.springframework.transaction.interceptor.TransactionInterceptor.invoke(TransactionInterceptor.java:119)
	at org.springframework.aop.framework.ReflectiveMethodInvocation.proceed(ReflectiveMethodInvocation.java:186)
	at org.springframework.aop.framework.CglibAopProxy$CglibMethodInvocation.proceed(CglibAopProxy.java:750)
	at org.springframework.aop.framework.CglibAopProxy$DynamicAdvisedInterceptor.intercept(CglibAopProxy.java:692)
	at com.example.demo.service.UserServiceImpl$$EnhancerBySpringCGLIB$$e417d628.createCode(<generated>)
	at com.example.demo.controller.UserController.createCode(UserController.java:43)
	at java.base/jdk.internal.reflect.NativeMethodAccessorImpl.invoke0(Native Method)
	at java.base/jdk.internal.reflect.NativeMethodAccessorImpl.invoke(NativeMethodAccessorImpl.java:62)
	at java.base/jdk.internal.reflect.DelegatingMethodAccessorImpl.invoke(DelegatingMethodAccessorImpl.java:43)
	at java.base/java.lang.reflect.Method.invoke(Method.java:564)
	at org.springframework.web.method.support.InvocableHandlerMethod.doInvoke(InvocableHandlerMethod.java:197)
	at org.springframework.web.method.support.InvocableHandlerMethod.invokeForRequest(InvocableHandlerMethod.java:141)
	at org.springframework.web.servlet.mvc.method.annotation.ServletInvocableHandlerMethod.invokeAndHandle(ServletInvocableHandlerMethod.java:106)
	at org.springframework.web.servlet.mvc.method.annotation.RequestMappingHandlerAdapter.invokeHandlerMethod(RequestMappingHandlerAdapter.java:894)
	at org.springframework.web.servlet.mvc.method.annotation.RequestMappingHandlerAdapter.handleInternal(RequestMappingHandlerAdapter.java:808)
	at org.springframework.web.servlet.mvc.method.AbstractHandlerMethodAdapter.handle(AbstractHandlerMethodAdapter.java:87)
	at org.springframework.web.servlet.DispatcherServlet.doDispatch(DispatcherServlet.java:1060)
	at org.springframework.web.servlet.DispatcherServlet.doService(DispatcherServlet.java:962)
	at org.springframework.web.servlet.FrameworkServlet.processRequest(FrameworkServlet.java:1006)
	at org.springframework.web.servlet.FrameworkServlet.doPost(FrameworkServlet.java:909)
	at javax.servlet.http.HttpServlet.service(HttpServlet.java:652)
	at org.springframework.web.servlet.FrameworkServlet.service(FrameworkServlet.java:883)
	at javax.servlet.http.HttpServlet.service(HttpServlet.java:733)
	at org.apache.catalina.core.ApplicationFilterChain.internalDoFilter(ApplicationFilterChain.java:231)
	at org.apache.catalina.core.ApplicationFilterChain.doFilter(ApplicationFilterChain.java:166)
	at org.apache.tomcat.websocket.server.WsFilter.doFilter(WsFilter.java:53)
	at org.apache.catalina.core.ApplicationFilterChain.internalDoFilter(ApplicationFilterChain.java:193)
	at org.apache.catalina.core.ApplicationFilterChain.doFilter(ApplicationFilterChain.java:166)
	at org.springframework.security.web.FilterChainProxy$VirtualFilterChain.doFilter(FilterChainProxy.java:327)
	at org.springframework.security.web.access.ExceptionTranslationFilter.doFilter(ExceptionTranslationFilter.java:119)
	at org.springframework.security.web.access.ExceptionTranslationFilter.doFilter(ExceptionTranslationFilter.java:113)
	at org.springframework.security.web.FilterChainProxy$VirtualFilterChain.doFilter(FilterChainProxy.java:336)
	at org.springframework.security.web.session.SessionManagementFilter.doFilter(SessionManagementFilter.java:126)
	at org.springframework.security.web.session.SessionManagementFilter.doFilter(SessionManagementFilter.java:81)
	at org.springframework.security.web.FilterChainProxy$VirtualFilterChain.doFilter(FilterChainProxy.java:336)
	at org.springframework.security.web.authentication.AnonymousAuthenticationFilter.doFilter(AnonymousAuthenticationFilter.java:105)
	at org.springframework.security.web.FilterChainProxy$VirtualFilterChain.doFilter(FilterChainProxy.java:336)
	at org.springframework.security.web.servletapi.SecurityContextHolderAwareRequestFilter.doFilter(SecurityContextHolderAwareRequestFilter.java:149)
	at org.springframework.security.web.FilterChainProxy$VirtualFilterChain.doFilter(FilterChainProxy.java:336)
	at org.springframework.security.web.savedrequest.RequestCacheAwareFilter.doFilter(RequestCacheAwareFilter.java:63)
	at org.springframework.security.web.FilterChainProxy$VirtualFilterChain.doFilter(FilterChainProxy.java:336)
	at org.springframework.security.web.authentication.logout.LogoutFilter.doFilter(LogoutFilter.java:103)
	at org.springframework.security.web.authentication.logout.LogoutFilter.doFilter(LogoutFilter.java:89)
	at org.springframework.security.web.FilterChainProxy$VirtualFilterChain.doFilter(FilterChainProxy.java:336)
	at org.springframework.security.web.header.HeaderWriterFilter.doHeadersAfter(HeaderWriterFilter.java:90)
	at org.springframework.security.web.header.HeaderWriterFilter.doFilterInternal(HeaderWriterFilter.java:75)
	at org.springframework.web.filter.OncePerRequestFilter.doFilter(OncePerRequestFilter.java:119)
	at org.springframework.security.web.FilterChainProxy$VirtualFilterChain.doFilter(FilterChainProxy.java:336)
	at org.springframework.security.web.context.SecurityContextPersistenceFilter.doFilter(SecurityContextPersistenceFilter.java:110)
	at org.springframework.security.web.context.SecurityContextPersistenceFilter.doFilter(SecurityContextPersistenceFilter.java:80)
	at org.springframework.security.web.FilterChainProxy$VirtualFilterChain.doFilter(FilterChainProxy.java:336)
	at org.springframework.security.web.context.request.async.WebAsyncManagerIntegrationFilter.doFilterInternal(WebAsyncManagerIntegrationFilter.java:55)
	at org.springframework.web.filter.OncePerRequestFilter.doFilter(OncePerRequestFilter.java:119)
	at org.springframework.security.web.FilterChainProxy$VirtualFilterChain.doFilter(FilterChainProxy.java:336)
	at org.springframework.security.web.FilterChainProxy.doFilterInternal(FilterChainProxy.java:211)
	at org.springframework.security.web.FilterChainProxy.doFilter(FilterChainProxy.java:183)
	at org.springframework.web.filter.DelegatingFilterProxy.invokeDelegate(DelegatingFilterProxy.java:358)
	at org.springframework.web.filter.DelegatingFilterProxy.doFilter(DelegatingFilterProxy.java:271)
	at org.apache.catalina.core.ApplicationFilterChain.internalDoFilter(ApplicationFilterChain.java:193)
	at org.apache.catalina.core.ApplicationFilterChain.doFilter(ApplicationFilterChain.java:166)
	at org.springframework.web.filter.RequestContextFilter.doFilterInternal(RequestContextFilter.java:100)
	at org.springframework.web.filter.OncePerRequestFilter.doFilter(OncePerRequestFilter.java:119)
	at org.apache.catalina.core.ApplicationFilterChain.internalDoFilter(ApplicationFilterChain.java:193)
	at org.apache.catalina.core.ApplicationFilterChain.doFilter(ApplicationFilterChain.java:166)
	at org.springframework.web.filter.FormContentFilter.doFilterInternal(FormContentFilter.java:93)
	at org.springframework.web.filter.OncePerRequestFilter.doFilter(OncePerRequestFilter.java:119)
	at org.apache.catalina.core.ApplicationFilterChain.internalDoFilter(ApplicationFilterChain.java:193)
	at org.apache.catalina.core.ApplicationFilterChain.doFilter(ApplicationFilterChain.java:166)
	at org.springframework.web.filter.CharacterEncodingFilter.doFilterInternal(CharacterEncodingFilter.java:201)
	at org.springframework.web.filter.OncePerRequestFilter.doFilter(OncePerRequestFilter.java:119)
	at org.apache.catalina.core.ApplicationFilterChain.internalDoFilter(ApplicationFilterChain.java:193)
	at org.apache.catalina.core.ApplicationFilterChain.doFilter(ApplicationFilterChain.java:166)
	at org.apache.catalina.core.StandardWrapperValve.invoke(StandardWrapperValve.java:202)
	at org.apache.catalina.core.StandardContextValve.invoke(StandardContextValve.java:97)
	at org.apache.catalina.authenticator.AuthenticatorBase.invoke(AuthenticatorBase.java:542)
	at org.apache.catalina.core.StandardHostValve.invoke(StandardHostValve.java:143)
	at org.apache.catalina.valves.ErrorReportValve.invoke(ErrorReportValve.java:92)
	at org.apache.catalina.core.StandardEngineValve.invoke(StandardEngineValve.java:78)
	at org.apache.catalina.connector.CoyoteAdapter.service(CoyoteAdapter.java:343)
	at org.apache.coyote.http11.Http11Processor.service(Http11Processor.java:374)
	at org.apache.coyote.AbstractProcessorLight.process(AbstractProcessorLight.java:65)
	at org.apache.coyote.AbstractProtocol$ConnectionHandler.process(AbstractProtocol.java:888)
	at org.apache.tomcat.util.net.NioEndpoint$SocketProcessor.doRun(NioEndpoint.java:1597)
	at org.apache.tomcat.util.net.SocketProcessorBase.run(SocketProcessorBase.java:49)
	at java.base/java.util.concurrent.ThreadPoolExecutor.runWorker(ThreadPoolExecutor.java:1135)
	at java.base/java.util.concurrent.ThreadPoolExecutor$Worker.run(ThreadPoolExecutor.java:635)
	at org.apache.tomcat.util.threads.TaskThread$WrappingRunnable.run(TaskThread.java:61)
	at java.base/java.lang.Thread.run(Thread.java:844)
"2021-01-26 21:26:26 [restartedMain] INFO  com.example.demo.DemoApplication - Starting DemoApplication using Java 10.0.2 on WIN-6SHC6RFF30Q with PID 8168 (D:\Рабочая папка\Лёхич\Java\Blog\target\classes started by User in D:\Рабочая папка\Лёхич\Java\Blog)
""2021-01-26 21:26:26 [restartedMain] INFO  com.example.demo.DemoApplication - No active profile set, falling back to default profiles: default
""2021-01-26 21:26:26 [restartedMain] INFO  o.s.b.d.e.DevToolsPropertyDefaultsPostProcessor - Devtools property defaults active! Set 'spring.devtools.add-properties' to 'false' to disable
""2021-01-26 21:26:26 [restartedMain] INFO  o.s.b.d.e.DevToolsPropertyDefaultsPostProcessor - For additional web related logging consider setting the 'logging.level.web' property to 'DEBUG'
""2021-01-26 21:26:27 [restartedMain] INFO  o.s.d.r.c.RepositoryConfigurationDelegate - Bootstrapping Spring Data JPA repositories in DEFAULT mode.
""2021-01-26 21:26:28 [restartedMain] INFO  o.s.d.r.c.RepositoryConfigurationDelegate - Finished Spring Data repository scanning in 103 ms. Found 3 JPA repository interfaces.
""2021-01-26 21:26:28 [restartedMain] INFO  o.s.c.s.PostProcessorRegistrationDelegate$BeanPostProcessorChecker - Bean 'org.springframework.security.access.expression.method.DefaultMethodSecurityExpressionHandler@101d7db4' of type [org.springframework.security.access.expression.method.DefaultMethodSecurityExpressionHandler] is not eligible for getting processed by all BeanPostProcessors (for example: not eligible for auto-proxying)
""2021-01-26 21:26:28 [restartedMain] INFO  o.s.c.s.PostProcessorRegistrationDelegate$BeanPostProcessorChecker - Bean 'methodSecurityMetadataSource' of type [org.springframework.security.access.method.DelegatingMethodSecurityMetadataSource] is not eligible for getting processed by all BeanPostProcessors (for example: not eligible for auto-proxying)
""2021-01-26 21:26:29 [restartedMain] INFO  o.s.b.w.e.tomcat.TomcatWebServer - Tomcat initialized with port(s): 8080 (http)
""2021-01-26 21:26:29 [restartedMain] INFO  o.a.catalina.core.StandardService - Starting service [Tomcat]
""2021-01-26 21:26:29 [restartedMain] INFO  o.a.catalina.core.StandardEngine - Starting Servlet engine: [Apache Tomcat/9.0.41]
""2021-01-26 21:26:29 [restartedMain] INFO  o.a.c.c.C.[Tomcat].[localhost].[/] - Initializing Spring embedded WebApplicationContext
""2021-01-26 21:26:29 [restartedMain] INFO  o.s.b.w.s.c.ServletWebServerApplicationContext - Root WebApplicationContext: initialization completed in 3406 ms
""2021-01-26 21:26:30 [restartedMain] INFO  o.h.jpa.internal.util.LogHelper - HHH000204: Processing PersistenceUnitInfo [name: default]
""2021-01-26 21:26:30 [restartedMain] INFO  org.hibernate.Version - HHH000412: Hibernate ORM core version 5.4.27.Final
""2021-01-26 21:26:30 [restartedMain] INFO  o.h.annotations.common.Version - HCANN000001: Hibernate Commons Annotations {5.1.2.Final}
""2021-01-26 21:26:30 [restartedMain] INFO  com.zaxxer.hikari.HikariDataSource - HikariPool-1 - Starting...
""2021-01-26 21:26:30 [restartedMain] INFO  com.zaxxer.hikari.HikariDataSource - HikariPool-1 - Start completed.
""2021-01-26 21:26:30 [restartedMain] INFO  org.hibernate.dialect.Dialect - HHH000400: Using dialect: org.hibernate.dialect.MySQL8Dialect
""2021-01-26 21:26:32 [restartedMain] INFO  o.h.e.t.j.p.i.JtaPlatformInitiator - HHH000490: Using JtaPlatform implementation: [org.hibernate.engine.transaction.jta.platform.internal.NoJtaPlatform]
""2021-01-26 21:26:32 [restartedMain] INFO  o.s.o.j.LocalContainerEntityManagerFactoryBean - Initialized JPA EntityManagerFactory for persistence unit 'default'
""2021-01-26 21:26:32 [restartedMain] WARN  o.s.b.a.o.j.JpaBaseConfiguration$JpaWebConfiguration - spring.jpa.open-in-view is enabled by default. Therefore, database queries may be performed during view rendering. Explicitly configure spring.jpa.open-in-view to disable this warning
""2021-01-26 21:26:33 [restartedMain] INFO  o.s.s.web.DefaultSecurityFilterChain - Will secure any request with [org.springframework.security.web.context.request.async.WebAsyncManagerIntegrationFilter@2e790252, org.springframework.security.web.context.SecurityContextPersistenceFilter@3c2ca4d5, org.springframework.security.web.header.HeaderWriterFilter@20933688, org.springframework.security.web.authentication.logout.LogoutFilter@7252f8f, org.springframework.security.web.savedrequest.RequestCacheAwareFilter@7c5806a1, org.springframework.security.web.servletapi.SecurityContextHolderAwareRequestFilter@586c2311, org.springframework.security.web.authentication.AnonymousAuthenticationFilter@4e49c40f, org.springframework.security.web.session.SessionManagementFilter@64297e1f, org.springframework.security.web.access.ExceptionTranslationFilter@3670a824]
""2021-01-26 21:26:34 [restartedMain] INFO  o.s.s.c.ThreadPoolTaskExecutor - Initializing ExecutorService 'applicationTaskExecutor'
""2021-01-26 21:26:34 [restartedMain] INFO  o.s.s.c.ThreadPoolTaskScheduler - Initializing ExecutorService 'taskScheduler'
""2021-01-26 21:26:34 [restartedMain] INFO  o.s.b.d.a.OptionalLiveReloadServer - LiveReload server is running on port 35729
""2021-01-26 21:26:34 [restartedMain] INFO  o.s.b.w.e.tomcat.TomcatWebServer - Tomcat started on port(s): 8080 (http) with context path ''
""2021-01-26 21:26:34 [restartedMain] INFO  com.example.demo.DemoApplication - Started DemoApplication in 9.87 seconds (JVM running for 12.651)
""2021-01-26 21:27:48 [http-nio-8080-exec-2] INFO  o.a.c.c.C.[Tomcat].[localhost].[/] - Initializing Spring DispatcherServlet 'dispatcherServlet'
""2021-01-26 21:27:48 [http-nio-8080-exec-2] INFO  o.s.web.servlet.DispatcherServlet - Initializing Servlet 'dispatcherServlet'
""2021-01-26 21:27:48 [http-nio-8080-exec-2] INFO  o.s.web.servlet.DispatcherServlet - Completed initialization in 4 ms
""2021-01-26 21:27:57 [http-nio-8080-exec-2] INFO  c.e.demo.service.UserServiceImpl - Email with text Please verify your account by clicking this link http://localhost:8080/auth/confirm/9076b2d7-4e74-419f-a428-4b8957a6048c was sent to address Tuteishyf@gmail.com.
""2021-01-26 21:27:57 [http-nio-8080-exec-2] INFO  c.e.demo.service.UserServiceImpl - User User(id=2, firstName=Nemec, lastName=Nemec, email=Tuteishyf@gmail.com, createdAt=Tue Jan 26 21:27:49 MSK 2021, enabled=false) was created.
""2021-01-26 21:28:24 [http-nio-8080-exec-3] INFO  c.e.demo.service.UserServiceImpl - Email with text Your account has been successfully verified was sent to address Tuteishyf@gmail.com.
""2021-01-26 21:28:24 [http-nio-8080-exec-3] INFO  c.e.demo.service.UserServiceImpl - User User(id=2, firstName=Nemec, lastName=Nemec, email=Tuteishyf@gmail.com, createdAt=2021-01-26 21:27:49.265, enabled=true) was confirm.
""2021-01-26 21:28:42 [http-nio-8080-exec-5] ERROR o.a.c.c.C.[.[.[.[dispatcherServlet] - Servlet.service() for servlet [dispatcherServlet] in context with path [] threw exception [Request processing failed; nested exception is java.lang.NullPointerException] with root cause
"java.lang.NullPointerException: null
	at com.example.demo.service.UserServiceImpl.createCode(UserServiceImpl.java:126)
	at com.example.demo.service.UserServiceImpl$$FastClassBySpringCGLIB$$ff73797.invoke(<generated>)
	at org.springframework.cglib.proxy.MethodProxy.invoke(MethodProxy.java:218)
	at org.springframework.aop.framework.CglibAopProxy$CglibMethodInvocation.invokeJoinpoint(CglibAopProxy.java:779)
	at org.springframework.aop.framework.ReflectiveMethodInvocation.proceed(ReflectiveMethodInvocation.java:163)
	at org.springframework.aop.framework.CglibAopProxy$CglibMethodInvocation.proceed(CglibAopProxy.java:750)
	at org.springframework.transaction.interceptor.TransactionInterceptor$1.proceedWithInvocation(TransactionInterceptor.java:123)
	at org.springframework.transaction.interceptor.TransactionAspectSupport.invokeWithinTransaction(TransactionAspectSupport.java:388)
	at org.springframework.transaction.interceptor.TransactionInterceptor.invoke(TransactionInterceptor.java:119)
	at org.springframework.aop.framework.ReflectiveMethodInvocation.proceed(ReflectiveMethodInvocation.java:186)
	at org.springframework.aop.framework.CglibAopProxy$CglibMethodInvocation.proceed(CglibAopProxy.java:750)
	at org.springframework.aop.framework.CglibAopProxy$DynamicAdvisedInterceptor.intercept(CglibAopProxy.java:692)
	at com.example.demo.service.UserServiceImpl$$EnhancerBySpringCGLIB$$63190c58.createCode(<generated>)
	at com.example.demo.controller.UserController.createCode(UserController.java:43)
	at java.base/jdk.internal.reflect.NativeMethodAccessorImpl.invoke0(Native Method)
	at java.base/jdk.internal.reflect.NativeMethodAccessorImpl.invoke(NativeMethodAccessorImpl.java:62)
	at java.base/jdk.internal.reflect.DelegatingMethodAccessorImpl.invoke(DelegatingMethodAccessorImpl.java:43)
	at java.base/java.lang.reflect.Method.invoke(Method.java:564)
	at org.springframework.web.method.support.InvocableHandlerMethod.doInvoke(InvocableHandlerMethod.java:197)
	at org.springframework.web.method.support.InvocableHandlerMethod.invokeForRequest(InvocableHandlerMethod.java:141)
	at org.springframework.web.servlet.mvc.method.annotation.ServletInvocableHandlerMethod.invokeAndHandle(ServletInvocableHandlerMethod.java:106)
	at org.springframework.web.servlet.mvc.method.annotation.RequestMappingHandlerAdapter.invokeHandlerMethod(RequestMappingHandlerAdapter.java:894)
	at org.springframework.web.servlet.mvc.method.annotation.RequestMappingHandlerAdapter.handleInternal(RequestMappingHandlerAdapter.java:808)
	at org.springframework.web.servlet.mvc.method.AbstractHandlerMethodAdapter.handle(AbstractHandlerMethodAdapter.java:87)
	at org.springframework.web.servlet.DispatcherServlet.doDispatch(DispatcherServlet.java:1060)
	at org.springframework.web.servlet.DispatcherServlet.doService(DispatcherServlet.java:962)
	at org.springframework.web.servlet.FrameworkServlet.processRequest(FrameworkServlet.java:1006)
	at org.springframework.web.servlet.FrameworkServlet.doPost(FrameworkServlet.java:909)
	at javax.servlet.http.HttpServlet.service(HttpServlet.java:652)
	at org.springframework.web.servlet.FrameworkServlet.service(FrameworkServlet.java:883)
	at javax.servlet.http.HttpServlet.service(HttpServlet.java:733)
	at org.apache.catalina.core.ApplicationFilterChain.internalDoFilter(ApplicationFilterChain.java:231)
	at org.apache.catalina.core.ApplicationFilterChain.doFilter(ApplicationFilterChain.java:166)
	at org.apache.tomcat.websocket.server.WsFilter.doFilter(WsFilter.java:53)
	at org.apache.catalina.core.ApplicationFilterChain.internalDoFilter(ApplicationFilterChain.java:193)
	at org.apache.catalina.core.ApplicationFilterChain.doFilter(ApplicationFilterChain.java:166)
	at org.springframework.security.web.FilterChainProxy$VirtualFilterChain.doFilter(FilterChainProxy.java:327)
	at org.springframework.security.web.access.ExceptionTranslationFilter.doFilter(ExceptionTranslationFilter.java:119)
	at org.springframework.security.web.access.ExceptionTranslationFilter.doFilter(ExceptionTranslationFilter.java:113)
	at org.springframework.security.web.FilterChainProxy$VirtualFilterChain.doFilter(FilterChainProxy.java:336)
	at org.springframework.security.web.session.SessionManagementFilter.doFilter(SessionManagementFilter.java:126)
	at org.springframework.security.web.session.SessionManagementFilter.doFilter(SessionManagementFilter.java:81)
	at org.springframework.security.web.FilterChainProxy$VirtualFilterChain.doFilter(FilterChainProxy.java:336)
	at org.springframework.security.web.authentication.AnonymousAuthenticationFilter.doFilter(AnonymousAuthenticationFilter.java:105)
	at org.springframework.security.web.FilterChainProxy$VirtualFilterChain.doFilter(FilterChainProxy.java:336)
	at org.springframework.security.web.servletapi.SecurityContextHolderAwareRequestFilter.doFilter(SecurityContextHolderAwareRequestFilter.java:149)
	at org.springframework.security.web.FilterChainProxy$VirtualFilterChain.doFilter(FilterChainProxy.java:336)
	at org.springframework.security.web.savedrequest.RequestCacheAwareFilter.doFilter(RequestCacheAwareFilter.java:63)
	at org.springframework.security.web.FilterChainProxy$VirtualFilterChain.doFilter(FilterChainProxy.java:336)
	at org.springframework.security.web.authentication.logout.LogoutFilter.doFilter(LogoutFilter.java:103)
	at org.springframework.security.web.authentication.logout.LogoutFilter.doFilter(LogoutFilter.java:89)
	at org.springframework.security.web.FilterChainProxy$VirtualFilterChain.doFilter(FilterChainProxy.java:336)
	at org.springframework.security.web.header.HeaderWriterFilter.doHeadersAfter(HeaderWriterFilter.java:90)
	at org.springframework.security.web.header.HeaderWriterFilter.doFilterInternal(HeaderWriterFilter.java:75)
	at org.springframework.web.filter.OncePerRequestFilter.doFilter(OncePerRequestFilter.java:119)
	at org.springframework.security.web.FilterChainProxy$VirtualFilterChain.doFilter(FilterChainProxy.java:336)
	at org.springframework.security.web.context.SecurityContextPersistenceFilter.doFilter(SecurityContextPersistenceFilter.java:110)
	at org.springframework.security.web.context.SecurityContextPersistenceFilter.doFilter(SecurityContextPersistenceFilter.java:80)
	at org.springframework.security.web.FilterChainProxy$VirtualFilterChain.doFilter(FilterChainProxy.java:336)
	at org.springframework.security.web.context.request.async.WebAsyncManagerIntegrationFilter.doFilterInternal(WebAsyncManagerIntegrationFilter.java:55)
	at org.springframework.web.filter.OncePerRequestFilter.doFilter(OncePerRequestFilter.java:119)
	at org.springframework.security.web.FilterChainProxy$VirtualFilterChain.doFilter(FilterChainProxy.java:336)
	at org.springframework.security.web.FilterChainProxy.doFilterInternal(FilterChainProxy.java:211)
	at org.springframework.security.web.FilterChainProxy.doFilter(FilterChainProxy.java:183)
	at org.springframework.web.filter.DelegatingFilterProxy.invokeDelegate(DelegatingFilterProxy.java:358)
	at org.springframework.web.filter.DelegatingFilterProxy.doFilter(DelegatingFilterProxy.java:271)
	at org.apache.catalina.core.ApplicationFilterChain.internalDoFilter(ApplicationFilterChain.java:193)
	at org.apache.catalina.core.ApplicationFilterChain.doFilter(ApplicationFilterChain.java:166)
	at org.springframework.web.filter.RequestContextFilter.doFilterInternal(RequestContextFilter.java:100)
	at org.springframework.web.filter.OncePerRequestFilter.doFilter(OncePerRequestFilter.java:119)
	at org.apache.catalina.core.ApplicationFilterChain.internalDoFilter(ApplicationFilterChain.java:193)
	at org.apache.catalina.core.ApplicationFilterChain.doFilter(ApplicationFilterChain.java:166)
	at org.springframework.web.filter.FormContentFilter.doFilterInternal(FormContentFilter.java:93)
	at org.springframework.web.filter.OncePerRequestFilter.doFilter(OncePerRequestFilter.java:119)
	at org.apache.catalina.core.ApplicationFilterChain.internalDoFilter(ApplicationFilterChain.java:193)
	at org.apache.catalina.core.ApplicationFilterChain.doFilter(ApplicationFilterChain.java:166)
	at org.springframework.web.filter.CharacterEncodingFilter.doFilterInternal(CharacterEncodingFilter.java:201)
	at org.springframework.web.filter.OncePerRequestFilter.doFilter(OncePerRequestFilter.java:119)
	at org.apache.catalina.core.ApplicationFilterChain.internalDoFilter(ApplicationFilterChain.java:193)
	at org.apache.catalina.core.ApplicationFilterChain.doFilter(ApplicationFilterChain.java:166)
	at org.apache.catalina.core.StandardWrapperValve.invoke(StandardWrapperValve.java:202)
	at org.apache.catalina.core.StandardContextValve.invoke(StandardContextValve.java:97)
	at org.apache.catalina.authenticator.AuthenticatorBase.invoke(AuthenticatorBase.java:542)
	at org.apache.catalina.core.StandardHostValve.invoke(StandardHostValve.java:143)
	at org.apache.catalina.valves.ErrorReportValve.invoke(ErrorReportValve.java:92)
	at org.apache.catalina.core.StandardEngineValve.invoke(StandardEngineValve.java:78)
	at org.apache.catalina.connector.CoyoteAdapter.service(CoyoteAdapter.java:343)
	at org.apache.coyote.http11.Http11Processor.service(Http11Processor.java:374)
	at org.apache.coyote.AbstractProcessorLight.process(AbstractProcessorLight.java:65)
	at org.apache.coyote.AbstractProtocol$ConnectionHandler.process(AbstractProtocol.java:888)
	at org.apache.tomcat.util.net.NioEndpoint$SocketProcessor.doRun(NioEndpoint.java:1597)
	at org.apache.tomcat.util.net.SocketProcessorBase.run(SocketProcessorBase.java:49)
	at java.base/java.util.concurrent.ThreadPoolExecutor.runWorker(ThreadPoolExecutor.java:1135)
	at java.base/java.util.concurrent.ThreadPoolExecutor$Worker.run(ThreadPoolExecutor.java:635)
	at org.apache.tomcat.util.threads.TaskThread$WrappingRunnable.run(TaskThread.java:61)
	at java.base/java.lang.Thread.run(Thread.java:844)
"2021-01-26 21:31:37 [restartedMain] INFO  com.example.demo.DemoApplication - Starting DemoApplication using Java 10.0.2 on WIN-6SHC6RFF30Q with PID 5084 (D:\Рабочая папка\Лёхич\Java\Blog\target\classes started by User in D:\Рабочая папка\Лёхич\Java\Blog)
""2021-01-26 21:31:37 [restartedMain] INFO  com.example.demo.DemoApplication - No active profile set, falling back to default profiles: default
""2021-01-26 21:31:37 [restartedMain] INFO  o.s.b.d.e.DevToolsPropertyDefaultsPostProcessor - Devtools property defaults active! Set 'spring.devtools.add-properties' to 'false' to disable
""2021-01-26 21:31:37 [restartedMain] INFO  o.s.b.d.e.DevToolsPropertyDefaultsPostProcessor - For additional web related logging consider setting the 'logging.level.web' property to 'DEBUG'
""2021-01-26 21:31:39 [restartedMain] INFO  o.s.d.r.c.RepositoryConfigurationDelegate - Bootstrapping Spring Data JPA repositories in DEFAULT mode.
""2021-01-26 21:31:39 [restartedMain] INFO  o.s.d.r.c.RepositoryConfigurationDelegate - Finished Spring Data repository scanning in 103 ms. Found 3 JPA repository interfaces.
""2021-01-26 21:31:40 [restartedMain] INFO  o.s.c.s.PostProcessorRegistrationDelegate$BeanPostProcessorChecker - Bean 'org.springframework.security.access.expression.method.DefaultMethodSecurityExpressionHandler@25a918b4' of type [org.springframework.security.access.expression.method.DefaultMethodSecurityExpressionHandler] is not eligible for getting processed by all BeanPostProcessors (for example: not eligible for auto-proxying)
""2021-01-26 21:31:40 [restartedMain] INFO  o.s.c.s.PostProcessorRegistrationDelegate$BeanPostProcessorChecker - Bean 'methodSecurityMetadataSource' of type [org.springframework.security.access.method.DelegatingMethodSecurityMetadataSource] is not eligible for getting processed by all BeanPostProcessors (for example: not eligible for auto-proxying)
""2021-01-26 21:31:40 [restartedMain] INFO  o.s.b.w.e.tomcat.TomcatWebServer - Tomcat initialized with port(s): 8080 (http)
""2021-01-26 21:31:40 [restartedMain] INFO  o.a.catalina.core.StandardService - Starting service [Tomcat]
""2021-01-26 21:31:40 [restartedMain] INFO  o.a.catalina.core.StandardEngine - Starting Servlet engine: [Apache Tomcat/9.0.41]
""2021-01-26 21:31:41 [restartedMain] INFO  o.a.c.c.C.[Tomcat].[localhost].[/] - Initializing Spring embedded WebApplicationContext
""2021-01-26 21:31:41 [restartedMain] INFO  o.s.b.w.s.c.ServletWebServerApplicationContext - Root WebApplicationContext: initialization completed in 3390 ms
""2021-01-26 21:31:41 [restartedMain] INFO  o.h.jpa.internal.util.LogHelper - HHH000204: Processing PersistenceUnitInfo [name: default]
""2021-01-26 21:31:41 [restartedMain] INFO  org.hibernate.Version - HHH000412: Hibernate ORM core version 5.4.27.Final
""2021-01-26 21:31:41 [restartedMain] INFO  o.h.annotations.common.Version - HCANN000001: Hibernate Commons Annotations {5.1.2.Final}
""2021-01-26 21:31:41 [restartedMain] INFO  com.zaxxer.hikari.HikariDataSource - HikariPool-1 - Starting...
""2021-01-26 21:31:42 [restartedMain] INFO  com.zaxxer.hikari.HikariDataSource - HikariPool-1 - Start completed.
""2021-01-26 21:31:42 [restartedMain] INFO  org.hibernate.dialect.Dialect - HHH000400: Using dialect: org.hibernate.dialect.MySQL8Dialect
""2021-01-26 21:31:43 [restartedMain] INFO  o.h.e.t.j.p.i.JtaPlatformInitiator - HHH000490: Using JtaPlatform implementation: [org.hibernate.engine.transaction.jta.platform.internal.NoJtaPlatform]
""2021-01-26 21:31:43 [restartedMain] INFO  o.s.o.j.LocalContainerEntityManagerFactoryBean - Initialized JPA EntityManagerFactory for persistence unit 'default'
""2021-01-26 21:31:43 [restartedMain] WARN  o.s.b.a.o.j.JpaBaseConfiguration$JpaWebConfiguration - spring.jpa.open-in-view is enabled by default. Therefore, database queries may be performed during view rendering. Explicitly configure spring.jpa.open-in-view to disable this warning
""2021-01-26 21:31:45 [restartedMain] INFO  o.s.s.web.DefaultSecurityFilterChain - Will secure any request with [org.springframework.security.web.context.request.async.WebAsyncManagerIntegrationFilter@20b3bf4b, org.springframework.security.web.context.SecurityContextPersistenceFilter@550018e1, org.springframework.security.web.header.HeaderWriterFilter@69adb3da, org.springframework.security.web.authentication.logout.LogoutFilter@7e6fc026, org.springframework.security.web.savedrequest.RequestCacheAwareFilter@3fd0e700, org.springframework.security.web.servletapi.SecurityContextHolderAwareRequestFilter@8b8a18e, org.springframework.security.web.authentication.AnonymousAuthenticationFilter@b53d307, org.springframework.security.web.session.SessionManagementFilter@56eb9847, org.springframework.security.web.access.ExceptionTranslationFilter@4155c2b7]
""2021-01-26 21:31:45 [restartedMain] INFO  o.s.s.c.ThreadPoolTaskExecutor - Initializing ExecutorService 'applicationTaskExecutor'
""2021-01-26 21:31:46 [restartedMain] INFO  o.s.s.c.ThreadPoolTaskScheduler - Initializing ExecutorService 'taskScheduler'
""2021-01-26 21:31:46 [restartedMain] INFO  o.s.b.d.a.OptionalLiveReloadServer - LiveReload server is running on port 35729
""2021-01-26 21:31:46 [restartedMain] INFO  o.s.b.w.e.tomcat.TomcatWebServer - Tomcat started on port(s): 8080 (http) with context path ''
""2021-01-26 21:31:46 [restartedMain] INFO  com.example.demo.DemoApplication - Started DemoApplication in 10.068 seconds (JVM running for 13.002)
""2021-01-26 21:31:55 [http-nio-8080-exec-2] INFO  o.a.c.c.C.[Tomcat].[localhost].[/] - Initializing Spring DispatcherServlet 'dispatcherServlet'
""2021-01-26 21:31:55 [http-nio-8080-exec-2] INFO  o.s.web.servlet.DispatcherServlet - Initializing Servlet 'dispatcherServlet'
""2021-01-26 21:31:55 [http-nio-8080-exec-2] INFO  o.s.web.servlet.DispatcherServlet - Completed initialization in 0 ms
""2021-01-26 21:32:03 [http-nio-8080-exec-2] INFO  c.e.demo.service.UserServiceImpl - Email with text Please, send us this code to reset your password 0514 was sent to address Tuteishyf@gmail.com.
""2021-01-26 21:32:03 [http-nio-8080-exec-2] INFO  c.e.demo.service.UserServiceImpl - Code ResetCode(id=2, code=0514, expiryDate=Tue Jan 26 21:46:56 MSK 2021, user=User(id=2, firstName=Nemec, lastName=Nemec, email=Tuteishyf@gmail.com, createdAt=2021-01-26 21:27:49.265, enabled=true)) was created.
""2021-01-26 21:37:33 [restartedMain] INFO  com.example.demo.DemoApplication - Starting DemoApplication using Java 10.0.2 on WIN-6SHC6RFF30Q with PID 564 (D:\Рабочая папка\Лёхич\Java\Blog\target\classes started by User in D:\Рабочая папка\Лёхич\Java\Blog)
""2021-01-26 21:37:33 [restartedMain] INFO  com.example.demo.DemoApplication - No active profile set, falling back to default profiles: default
""2021-01-26 21:37:34 [restartedMain] INFO  o.s.b.d.e.DevToolsPropertyDefaultsPostProcessor - Devtools property defaults active! Set 'spring.devtools.add-properties' to 'false' to disable
""2021-01-26 21:37:34 [restartedMain] INFO  o.s.b.d.e.DevToolsPropertyDefaultsPostProcessor - For additional web related logging consider setting the 'logging.level.web' property to 'DEBUG'
""2021-01-26 21:37:35 [restartedMain] INFO  o.s.d.r.c.RepositoryConfigurationDelegate - Bootstrapping Spring Data JPA repositories in DEFAULT mode.
""2021-01-26 21:37:36 [restartedMain] INFO  o.s.d.r.c.RepositoryConfigurationDelegate - Finished Spring Data repository scanning in 111 ms. Found 3 JPA repository interfaces.
""2021-01-26 21:37:36 [restartedMain] INFO  o.s.c.s.PostProcessorRegistrationDelegate$BeanPostProcessorChecker - Bean 'org.springframework.security.access.expression.method.DefaultMethodSecurityExpressionHandler@2c7321ec' of type [org.springframework.security.access.expression.method.DefaultMethodSecurityExpressionHandler] is not eligible for getting processed by all BeanPostProcessors (for example: not eligible for auto-proxying)
""2021-01-26 21:37:36 [restartedMain] INFO  o.s.c.s.PostProcessorRegistrationDelegate$BeanPostProcessorChecker - Bean 'methodSecurityMetadataSource' of type [org.springframework.security.access.method.DelegatingMethodSecurityMetadataSource] is not eligible for getting processed by all BeanPostProcessors (for example: not eligible for auto-proxying)
""2021-01-26 21:37:37 [restartedMain] INFO  o.s.b.w.e.tomcat.TomcatWebServer - Tomcat initialized with port(s): 8080 (http)
""2021-01-26 21:37:37 [restartedMain] INFO  o.a.catalina.core.StandardService - Starting service [Tomcat]
""2021-01-26 21:37:37 [restartedMain] INFO  o.a.catalina.core.StandardEngine - Starting Servlet engine: [Apache Tomcat/9.0.41]
""2021-01-26 21:37:37 [restartedMain] INFO  o.a.c.c.C.[Tomcat].[localhost].[/] - Initializing Spring embedded WebApplicationContext
""2021-01-26 21:37:37 [restartedMain] INFO  o.s.b.w.s.c.ServletWebServerApplicationContext - Root WebApplicationContext: initialization completed in 3466 ms
""2021-01-26 21:37:37 [restartedMain] INFO  o.h.jpa.internal.util.LogHelper - HHH000204: Processing PersistenceUnitInfo [name: default]
""2021-01-26 21:37:37 [restartedMain] INFO  org.hibernate.Version - HHH000412: Hibernate ORM core version 5.4.27.Final
""2021-01-26 21:37:38 [restartedMain] INFO  o.h.annotations.common.Version - HCANN000001: Hibernate Commons Annotations {5.1.2.Final}
""2021-01-26 21:37:38 [restartedMain] INFO  com.zaxxer.hikari.HikariDataSource - HikariPool-1 - Starting...
""2021-01-26 21:37:38 [restartedMain] INFO  com.zaxxer.hikari.HikariDataSource - HikariPool-1 - Start completed.
""2021-01-26 21:37:38 [restartedMain] INFO  org.hibernate.dialect.Dialect - HHH000400: Using dialect: org.hibernate.dialect.MySQL8Dialect
""2021-01-26 21:37:40 [restartedMain] INFO  o.h.e.t.j.p.i.JtaPlatformInitiator - HHH000490: Using JtaPlatform implementation: [org.hibernate.engine.transaction.jta.platform.internal.NoJtaPlatform]
""2021-01-26 21:37:40 [restartedMain] INFO  o.s.o.j.LocalContainerEntityManagerFactoryBean - Initialized JPA EntityManagerFactory for persistence unit 'default'
""2021-01-26 21:37:40 [restartedMain] WARN  o.s.b.a.o.j.JpaBaseConfiguration$JpaWebConfiguration - spring.jpa.open-in-view is enabled by default. Therefore, database queries may be performed during view rendering. Explicitly configure spring.jpa.open-in-view to disable this warning
""2021-01-26 21:37:41 [restartedMain] INFO  o.s.s.web.DefaultSecurityFilterChain - Will secure any request with [org.springframework.security.web.context.request.async.WebAsyncManagerIntegrationFilter@5548848, org.springframework.security.web.context.SecurityContextPersistenceFilter@262cca3a, org.springframework.security.web.header.HeaderWriterFilter@3e8254d9, org.springframework.security.web.authentication.logout.LogoutFilter@333cea52, org.springframework.security.web.savedrequest.RequestCacheAwareFilter@2d0aa6f1, org.springframework.security.web.servletapi.SecurityContextHolderAwareRequestFilter@3d784b57, org.springframework.security.web.authentication.AnonymousAuthenticationFilter@4836b34c, org.springframework.security.web.session.SessionManagementFilter@3924be6c, org.springframework.security.web.access.ExceptionTranslationFilter@2b17f424]
""2021-01-26 21:37:41 [restartedMain] INFO  o.s.s.c.ThreadPoolTaskExecutor - Initializing ExecutorService 'applicationTaskExecutor'
""2021-01-26 21:37:42 [restartedMain] INFO  o.s.s.c.ThreadPoolTaskScheduler - Initializing ExecutorService 'taskScheduler'
""2021-01-26 21:37:42 [restartedMain] INFO  o.s.b.d.a.OptionalLiveReloadServer - LiveReload server is running on port 35729
""2021-01-26 21:37:42 [restartedMain] INFO  o.s.b.w.e.tomcat.TomcatWebServer - Tomcat started on port(s): 8080 (http) with context path ''
""2021-01-26 21:37:42 [restartedMain] INFO  com.example.demo.DemoApplication - Started DemoApplication in 9.897 seconds (JVM running for 12.593)
""2021-01-26 21:37:53 [http-nio-8080-exec-2] INFO  o.a.c.c.C.[Tomcat].[localhost].[/] - Initializing Spring DispatcherServlet 'dispatcherServlet'
""2021-01-26 21:37:53 [http-nio-8080-exec-2] INFO  o.s.web.servlet.DispatcherServlet - Initializing Servlet 'dispatcherServlet'
""2021-01-26 21:37:53 [http-nio-8080-exec-2] INFO  o.s.web.servlet.DispatcherServlet - Completed initialization in 0 ms
""2021-01-26 21:37:54 [http-nio-8080-exec-2] INFO  c.e.demo.service.UserServiceImpl - Code 0691 is wrong.
""2021-01-26 21:37:54 [http-nio-8080-exec-2] WARN  o.s.w.s.m.m.a.ExceptionHandlerExceptionResolver - Resolved [com.example.demo.exception.ResourceNotFoundException: This code is wrong]
""2021-01-26 21:38:39 [http-nio-8080-exec-3] INFO  c.e.demo.service.UserServiceImpl - Password for user User(id=2, firstName=Nemec, lastName=Nemec, email=Tuteishyf@gmail.com, createdAt=2021-01-26 21:27:49.265, enabled=true) has been successed changed.
""2021-01-26 21:41:01 [restartedMain] INFO  com.example.demo.DemoApplication - Starting DemoApplication using Java 10.0.2 on WIN-6SHC6RFF30Q with PID 6424 (D:\Рабочая папка\Лёхич\Java\Blog\target\classes started by User in D:\Рабочая папка\Лёхич\Java\Blog)
""2021-01-26 21:41:01 [restartedMain] INFO  com.example.demo.DemoApplication - No active profile set, falling back to default profiles: default
""2021-01-26 21:41:02 [restartedMain] INFO  o.s.b.d.e.DevToolsPropertyDefaultsPostProcessor - Devtools property defaults active! Set 'spring.devtools.add-properties' to 'false' to disable
""2021-01-26 21:41:02 [restartedMain] INFO  o.s.b.d.e.DevToolsPropertyDefaultsPostProcessor - For additional web related logging consider setting the 'logging.level.web' property to 'DEBUG'
""2021-01-26 21:41:03 [restartedMain] INFO  o.s.d.r.c.RepositoryConfigurationDelegate - Bootstrapping Spring Data JPA repositories in DEFAULT mode.
""2021-01-26 21:41:03 [restartedMain] INFO  o.s.d.r.c.RepositoryConfigurationDelegate - Finished Spring Data repository scanning in 103 ms. Found 3 JPA repository interfaces.
""2021-01-26 21:41:04 [restartedMain] INFO  o.s.c.s.PostProcessorRegistrationDelegate$BeanPostProcessorChecker - Bean 'org.springframework.security.access.expression.method.DefaultMethodSecurityExpressionHandler@3bc7976d' of type [org.springframework.security.access.expression.method.DefaultMethodSecurityExpressionHandler] is not eligible for getting processed by all BeanPostProcessors (for example: not eligible for auto-proxying)
""2021-01-26 21:41:04 [restartedMain] INFO  o.s.c.s.PostProcessorRegistrationDelegate$BeanPostProcessorChecker - Bean 'methodSecurityMetadataSource' of type [org.springframework.security.access.method.DelegatingMethodSecurityMetadataSource] is not eligible for getting processed by all BeanPostProcessors (for example: not eligible for auto-proxying)
""2021-01-26 21:41:05 [restartedMain] INFO  o.s.b.w.e.tomcat.TomcatWebServer - Tomcat initialized with port(s): 8080 (http)
""2021-01-26 21:41:05 [restartedMain] INFO  o.a.catalina.core.StandardService - Starting service [Tomcat]
""2021-01-26 21:41:05 [restartedMain] INFO  o.a.catalina.core.StandardEngine - Starting Servlet engine: [Apache Tomcat/9.0.41]
""2021-01-26 21:41:05 [restartedMain] INFO  o.a.c.c.C.[Tomcat].[localhost].[/] - Initializing Spring embedded WebApplicationContext
""2021-01-26 21:41:05 [restartedMain] INFO  o.s.b.w.s.c.ServletWebServerApplicationContext - Root WebApplicationContext: initialization completed in 3464 ms
""2021-01-26 21:41:05 [restartedMain] INFO  o.h.jpa.internal.util.LogHelper - HHH000204: Processing PersistenceUnitInfo [name: default]
""2021-01-26 21:41:06 [restartedMain] INFO  org.hibernate.Version - HHH000412: Hibernate ORM core version 5.4.27.Final
""2021-01-26 21:41:06 [restartedMain] INFO  o.h.annotations.common.Version - HCANN000001: Hibernate Commons Annotations {5.1.2.Final}
""2021-01-26 21:41:06 [restartedMain] INFO  com.zaxxer.hikari.HikariDataSource - HikariPool-1 - Starting...
""2021-01-26 21:41:06 [restartedMain] INFO  com.zaxxer.hikari.HikariDataSource - HikariPool-1 - Start completed.
""2021-01-26 21:41:06 [restartedMain] INFO  org.hibernate.dialect.Dialect - HHH000400: Using dialect: org.hibernate.dialect.MySQL8Dialect
""2021-01-26 21:41:08 [restartedMain] INFO  o.h.e.t.j.p.i.JtaPlatformInitiator - HHH000490: Using JtaPlatform implementation: [org.hibernate.engine.transaction.jta.platform.internal.NoJtaPlatform]
""2021-01-26 21:41:08 [restartedMain] INFO  o.s.o.j.LocalContainerEntityManagerFactoryBean - Initialized JPA EntityManagerFactory for persistence unit 'default'
""2021-01-26 21:41:08 [restartedMain] WARN  o.s.b.a.o.j.JpaBaseConfiguration$JpaWebConfiguration - spring.jpa.open-in-view is enabled by default. Therefore, database queries may be performed during view rendering. Explicitly configure spring.jpa.open-in-view to disable this warning
""2021-01-26 21:41:09 [restartedMain] INFO  o.s.s.web.DefaultSecurityFilterChain - Will secure any request with [org.springframework.security.web.context.request.async.WebAsyncManagerIntegrationFilter@673954f9, org.springframework.security.web.context.SecurityContextPersistenceFilter@5b23cfa4, org.springframework.security.web.header.HeaderWriterFilter@31c1a97b, org.springframework.security.web.authentication.logout.LogoutFilter@f0c1843, org.springframework.security.web.savedrequest.RequestCacheAwareFilter@71c57c41, org.springframework.security.web.servletapi.SecurityContextHolderAwareRequestFilter@644053f6, org.springframework.security.web.authentication.AnonymousAuthenticationFilter@6632d127, org.springframework.security.web.session.SessionManagementFilter@62e9818b, org.springframework.security.web.access.ExceptionTranslationFilter@5525519]
""2021-01-26 21:41:09 [restartedMain] INFO  o.s.s.c.ThreadPoolTaskExecutor - Initializing ExecutorService 'applicationTaskExecutor'
""2021-01-26 21:41:10 [restartedMain] INFO  o.s.s.c.ThreadPoolTaskScheduler - Initializing ExecutorService 'taskScheduler'
""2021-01-26 21:41:10 [restartedMain] INFO  o.s.b.d.a.OptionalLiveReloadServer - LiveReload server is running on port 35729
""2021-01-26 21:41:10 [restartedMain] INFO  o.s.b.w.e.tomcat.TomcatWebServer - Tomcat started on port(s): 8080 (http) with context path ''
""2021-01-26 21:41:10 [restartedMain] INFO  com.example.demo.DemoApplication - Started DemoApplication in 9.953 seconds (JVM running for 12.528)
""2021-01-26 21:41:38 [http-nio-8080-exec-1] INFO  o.a.c.c.C.[Tomcat].[localhost].[/] - Initializing Spring DispatcherServlet 'dispatcherServlet'
""2021-01-26 21:41:38 [http-nio-8080-exec-1] INFO  o.s.web.servlet.DispatcherServlet - Initializing Servlet 'dispatcherServlet'
""2021-01-26 21:41:38 [http-nio-8080-exec-1] INFO  o.s.web.servlet.DispatcherServlet - Completed initialization in 0 ms
""2021-01-26 21:41:38 [http-nio-8080-exec-1] WARN  o.s.w.s.m.m.a.ExceptionHandlerExceptionResolver - Resolved [org.springframework.web.bind.MethodArgumentNotValidException: Validation failed for argument [0] in public void com.example.demo.controller.UserController.createCode(com.example.demo.dto.NewPasswordDTO): [Field error in object 'newPasswordDTO' on field 'code': rejected value [514]; codes [Size.newPasswordDTO.code,Size.code,Size.java.lang.String,Size]; arguments [org.springframework.context.support.DefaultMessageSourceResolvable: codes [newPasswordDTO.code,code]; arguments []; default message [code],2147483647,4]; default message [code should consist 4 digits]] ]
""2021-01-26 21:41:50 [http-nio-8080-exec-4] INFO  c.e.demo.service.UserServiceImpl - Code 00514 is wrong.
""2021-01-26 21:41:50 [http-nio-8080-exec-4] WARN  o.s.w.s.m.m.a.ExceptionHandlerExceptionResolver - Resolved [com.example.demo.exception.ResourceNotFoundException: This code is wrong]
""2021-01-26 21:42:37 [http-nio-8080-exec-5] WARN  o.s.w.s.m.m.a.ExceptionHandlerExceptionResolver - Resolved [org.springframework.web.bind.MethodArgumentNotValidException: Validation failed for argument [0] in public void com.example.demo.controller.UserController.createCode(com.example.demo.dto.NewPasswordDTO): [Field error in object 'newPasswordDTO' on field 'code': rejected value [f514]; codes [Digits.newPasswordDTO.code,Digits.code,Digits.java.lang.String,Digits]; arguments [org.springframework.context.support.DefaultMessageSourceResolvable: codes [newPasswordDTO.code,code]; arguments []; default message [code],0,4]; default message [code should be digit]] ]
""2021-01-26 21:43:20 [restartedMain] INFO  com.example.demo.DemoApplication - Starting DemoApplication using Java 10.0.2 on WIN-6SHC6RFF30Q with PID 9428 (D:\Рабочая папка\Лёхич\Java\Blog\target\classes started by User in D:\Рабочая папка\Лёхич\Java\Blog)
""2021-01-26 21:43:20 [restartedMain] INFO  com.example.demo.DemoApplication - No active profile set, falling back to default profiles: default
""2021-01-26 21:43:20 [restartedMain] INFO  o.s.b.d.e.DevToolsPropertyDefaultsPostProcessor - Devtools property defaults active! Set 'spring.devtools.add-properties' to 'false' to disable
""2021-01-26 21:43:20 [restartedMain] INFO  o.s.b.d.e.DevToolsPropertyDefaultsPostProcessor - For additional web related logging consider setting the 'logging.level.web' property to 'DEBUG'
""2021-01-26 21:43:22 [restartedMain] INFO  o.s.d.r.c.RepositoryConfigurationDelegate - Bootstrapping Spring Data JPA repositories in DEFAULT mode.
""2021-01-26 21:43:22 [restartedMain] INFO  o.s.d.r.c.RepositoryConfigurationDelegate - Finished Spring Data repository scanning in 104 ms. Found 3 JPA repository interfaces.
""2021-01-26 21:43:22 [restartedMain] INFO  o.s.c.s.PostProcessorRegistrationDelegate$BeanPostProcessorChecker - Bean 'org.springframework.security.access.expression.method.DefaultMethodSecurityExpressionHandler@53241ee5' of type [org.springframework.security.access.expression.method.DefaultMethodSecurityExpressionHandler] is not eligible for getting processed by all BeanPostProcessors (for example: not eligible for auto-proxying)
""2021-01-26 21:43:22 [restartedMain] INFO  o.s.c.s.PostProcessorRegistrationDelegate$BeanPostProcessorChecker - Bean 'methodSecurityMetadataSource' of type [org.springframework.security.access.method.DelegatingMethodSecurityMetadataSource] is not eligible for getting processed by all BeanPostProcessors (for example: not eligible for auto-proxying)
""2021-01-26 21:43:23 [restartedMain] INFO  o.s.b.w.e.tomcat.TomcatWebServer - Tomcat initialized with port(s): 8080 (http)
""2021-01-26 21:43:23 [restartedMain] INFO  o.a.catalina.core.StandardService - Starting service [Tomcat]
""2021-01-26 21:43:23 [restartedMain] INFO  o.a.catalina.core.StandardEngine - Starting Servlet engine: [Apache Tomcat/9.0.41]
""2021-01-26 21:43:23 [restartedMain] INFO  o.a.c.c.C.[Tomcat].[localhost].[/] - Initializing Spring embedded WebApplicationContext
""2021-01-26 21:43:23 [restartedMain] INFO  o.s.b.w.s.c.ServletWebServerApplicationContext - Root WebApplicationContext: initialization completed in 3500 ms
""2021-01-26 21:43:24 [restartedMain] INFO  o.h.jpa.internal.util.LogHelper - HHH000204: Processing PersistenceUnitInfo [name: default]
""2021-01-26 21:43:24 [restartedMain] INFO  org.hibernate.Version - HHH000412: Hibernate ORM core version 5.4.27.Final
""2021-01-26 21:43:24 [restartedMain] INFO  o.h.annotations.common.Version - HCANN000001: Hibernate Commons Annotations {5.1.2.Final}
""2021-01-26 21:43:24 [restartedMain] INFO  com.zaxxer.hikari.HikariDataSource - HikariPool-1 - Starting...
""2021-01-26 21:43:25 [restartedMain] INFO  com.zaxxer.hikari.HikariDataSource - HikariPool-1 - Start completed.
""2021-01-26 21:43:25 [restartedMain] INFO  org.hibernate.dialect.Dialect - HHH000400: Using dialect: org.hibernate.dialect.MySQL8Dialect
""2021-01-26 21:43:26 [restartedMain] INFO  o.h.e.t.j.p.i.JtaPlatformInitiator - HHH000490: Using JtaPlatform implementation: [org.hibernate.engine.transaction.jta.platform.internal.NoJtaPlatform]
""2021-01-26 21:43:26 [restartedMain] INFO  o.s.o.j.LocalContainerEntityManagerFactoryBean - Initialized JPA EntityManagerFactory for persistence unit 'default'
""2021-01-26 21:43:26 [restartedMain] WARN  o.s.b.a.o.j.JpaBaseConfiguration$JpaWebConfiguration - spring.jpa.open-in-view is enabled by default. Therefore, database queries may be performed during view rendering. Explicitly configure spring.jpa.open-in-view to disable this warning
""2021-01-26 21:43:27 [restartedMain] INFO  o.s.s.web.DefaultSecurityFilterChain - Will secure any request with [org.springframework.security.web.context.request.async.WebAsyncManagerIntegrationFilter@752b1733, org.springframework.security.web.context.SecurityContextPersistenceFilter@18b58c1d, org.springframework.security.web.header.HeaderWriterFilter@794cbffe, org.springframework.security.web.authentication.logout.LogoutFilter@70835d4f, org.springframework.security.web.savedrequest.RequestCacheAwareFilter@287c6bc, org.springframework.security.web.servletapi.SecurityContextHolderAwareRequestFilter@1ab335f9, org.springframework.security.web.authentication.AnonymousAuthenticationFilter@43124229, org.springframework.security.web.session.SessionManagementFilter@1d67f9ff, org.springframework.security.web.access.ExceptionTranslationFilter@24fcfb49]
""2021-01-26 21:43:28 [restartedMain] INFO  o.s.s.c.ThreadPoolTaskExecutor - Initializing ExecutorService 'applicationTaskExecutor'
""2021-01-26 21:43:28 [restartedMain] INFO  o.s.s.c.ThreadPoolTaskScheduler - Initializing ExecutorService 'taskScheduler'
""2021-01-26 21:43:28 [restartedMain] INFO  o.s.b.d.a.OptionalLiveReloadServer - LiveReload server is running on port 35729
""2021-01-26 21:43:28 [restartedMain] INFO  o.s.b.w.e.tomcat.TomcatWebServer - Tomcat started on port(s): 8080 (http) with context path ''
""2021-01-26 21:43:28 [restartedMain] INFO  com.example.demo.DemoApplication - Started DemoApplication in 9.95 seconds (JVM running for 12.568)
""2021-01-26 21:43:43 [http-nio-8080-exec-2] INFO  o.a.c.c.C.[Tomcat].[localhost].[/] - Initializing Spring DispatcherServlet 'dispatcherServlet'
""2021-01-26 21:43:43 [http-nio-8080-exec-2] INFO  o.s.web.servlet.DispatcherServlet - Initializing Servlet 'dispatcherServlet'
""2021-01-26 21:43:43 [http-nio-8080-exec-2] INFO  o.s.web.servlet.DispatcherServlet - Completed initialization in 4 ms
""2021-01-26 21:43:43 [http-nio-8080-exec-2] WARN  o.s.w.s.m.m.a.ExceptionHandlerExceptionResolver - Resolved [org.springframework.web.bind.MethodArgumentNotValidException: Validation failed for argument [0] in public void com.example.demo.controller.UserController.createCode(com.example.demo.dto.NewPasswordDTO) with 2 errors: [Field error in object 'newPasswordDTO' on field 'code': rejected value [f5146]; codes [Size.newPasswordDTO.code,Size.code,Size.java.lang.String,Size]; arguments [org.springframework.context.support.DefaultMessageSourceResolvable: codes [newPasswordDTO.code,code]; arguments []; default message [code],4,4]; default message [code should consist 4 digits]] [Field error in object 'newPasswordDTO' on field 'code': rejected value [f5146]; codes [Digits.newPasswordDTO.code,Digits.code,Digits.java.lang.String,Digits]; arguments [org.springframework.context.support.DefaultMessageSourceResolvable: codes [newPasswordDTO.code,code]; arguments []; default message [code],0,4]; default message [code should be digit]] ]
""2021-01-26 21:43:54 [http-nio-8080-exec-4] WARN  o.s.w.s.m.m.a.ExceptionHandlerExceptionResolver - Resolved [org.springframework.web.bind.MethodArgumentNotValidException: Validation failed for argument [0] in public void com.example.demo.controller.UserController.createCode(com.example.demo.dto.NewPasswordDTO) with 2 errors: [Field error in object 'newPasswordDTO' on field 'code': rejected value [15146]; codes [Digits.newPasswordDTO.code,Digits.code,Digits.java.lang.String,Digits]; arguments [org.springframework.context.support.DefaultMessageSourceResolvable: codes [newPasswordDTO.code,code]; arguments []; default message [code],0,4]; default message [code should be digit]] [Field error in object 'newPasswordDTO' on field 'code': rejected value [15146]; codes [Size.newPasswordDTO.code,Size.code,Size.java.lang.String,Size]; arguments [org.springframework.context.support.DefaultMessageSourceResolvable: codes [newPasswordDTO.code,code]; arguments []; default message [code],4,4]; default message [code should consist 4 digits]] ]
""2021-01-26 21:53:02 [restartedMain] INFO  com.example.demo.DemoApplication - Starting DemoApplication using Java 10.0.2 on WIN-6SHC6RFF30Q with PID 7944 (D:\Рабочая папка\Лёхич\Java\Blog\target\classes started by User in D:\Рабочая папка\Лёхич\Java\Blog)
""2021-01-26 21:53:02 [restartedMain] INFO  com.example.demo.DemoApplication - No active profile set, falling back to default profiles: default
""2021-01-26 21:53:02 [restartedMain] INFO  o.s.b.d.e.DevToolsPropertyDefaultsPostProcessor - Devtools property defaults active! Set 'spring.devtools.add-properties' to 'false' to disable
""2021-01-26 21:53:02 [restartedMain] INFO  o.s.b.d.e.DevToolsPropertyDefaultsPostProcessor - For additional web related logging consider setting the 'logging.level.web' property to 'DEBUG'
""2021-01-26 21:53:04 [restartedMain] INFO  o.s.d.r.c.RepositoryConfigurationDelegate - Bootstrapping Spring Data JPA repositories in DEFAULT mode.
""2021-01-26 21:53:04 [restartedMain] INFO  o.s.d.r.c.RepositoryConfigurationDelegate - Finished Spring Data repository scanning in 110 ms. Found 3 JPA repository interfaces.
""2021-01-26 21:53:05 [restartedMain] INFO  o.s.c.s.PostProcessorRegistrationDelegate$BeanPostProcessorChecker - Bean 'org.springframework.security.access.expression.method.DefaultMethodSecurityExpressionHandler@415a8dbc' of type [org.springframework.security.access.expression.method.DefaultMethodSecurityExpressionHandler] is not eligible for getting processed by all BeanPostProcessors (for example: not eligible for auto-proxying)
""2021-01-26 21:53:05 [restartedMain] INFO  o.s.c.s.PostProcessorRegistrationDelegate$BeanPostProcessorChecker - Bean 'methodSecurityMetadataSource' of type [org.springframework.security.access.method.DelegatingMethodSecurityMetadataSource] is not eligible for getting processed by all BeanPostProcessors (for example: not eligible for auto-proxying)
""2021-01-26 21:53:06 [restartedMain] INFO  o.s.b.w.e.tomcat.TomcatWebServer - Tomcat initialized with port(s): 8080 (http)
""2021-01-26 21:53:06 [restartedMain] INFO  o.a.catalina.core.StandardService - Starting service [Tomcat]
""2021-01-26 21:53:06 [restartedMain] INFO  o.a.catalina.core.StandardEngine - Starting Servlet engine: [Apache Tomcat/9.0.41]
""2021-01-26 21:53:06 [restartedMain] INFO  o.a.c.c.C.[Tomcat].[localhost].[/] - Initializing Spring embedded WebApplicationContext
""2021-01-26 21:53:06 [restartedMain] INFO  o.s.b.w.s.c.ServletWebServerApplicationContext - Root WebApplicationContext: initialization completed in 3656 ms
""2021-01-26 21:53:06 [restartedMain] INFO  o.h.jpa.internal.util.LogHelper - HHH000204: Processing PersistenceUnitInfo [name: default]
""2021-01-26 21:53:06 [restartedMain] INFO  org.hibernate.Version - HHH000412: Hibernate ORM core version 5.4.27.Final
""2021-01-26 21:53:06 [restartedMain] INFO  o.h.annotations.common.Version - HCANN000001: Hibernate Commons Annotations {5.1.2.Final}
""2021-01-26 21:53:06 [restartedMain] INFO  com.zaxxer.hikari.HikariDataSource - HikariPool-1 - Starting...
""2021-01-26 21:53:07 [restartedMain] INFO  com.zaxxer.hikari.HikariDataSource - HikariPool-1 - Start completed.
""2021-01-26 21:53:07 [restartedMain] INFO  org.hibernate.dialect.Dialect - HHH000400: Using dialect: org.hibernate.dialect.MySQL8Dialect
""2021-01-26 21:53:08 [restartedMain] INFO  o.h.e.t.j.p.i.JtaPlatformInitiator - HHH000490: Using JtaPlatform implementation: [org.hibernate.engine.transaction.jta.platform.internal.NoJtaPlatform]
""2021-01-26 21:53:08 [restartedMain] INFO  o.s.o.j.LocalContainerEntityManagerFactoryBean - Initialized JPA EntityManagerFactory for persistence unit 'default'
""2021-01-26 21:53:08 [restartedMain] WARN  o.s.b.a.o.j.JpaBaseConfiguration$JpaWebConfiguration - spring.jpa.open-in-view is enabled by default. Therefore, database queries may be performed during view rendering. Explicitly configure spring.jpa.open-in-view to disable this warning
""2021-01-26 21:53:10 [restartedMain] INFO  o.s.s.web.DefaultSecurityFilterChain - Will secure any request with [org.springframework.security.web.context.request.async.WebAsyncManagerIntegrationFilter@73f79299, org.springframework.security.web.context.SecurityContextPersistenceFilter@42c4e864, org.springframework.security.web.header.HeaderWriterFilter@752959e, org.springframework.security.web.authentication.logout.LogoutFilter@11ae04b6, org.springframework.security.web.savedrequest.RequestCacheAwareFilter@5defbc2c, org.springframework.security.web.servletapi.SecurityContextHolderAwareRequestFilter@ad0da29, org.springframework.security.web.authentication.AnonymousAuthenticationFilter@76930422, org.springframework.security.web.session.SessionManagementFilter@2491ec04, org.springframework.security.web.access.ExceptionTranslationFilter@4eea2174]
""2021-01-26 21:53:10 [restartedMain] INFO  o.s.s.c.ThreadPoolTaskExecutor - Initializing ExecutorService 'applicationTaskExecutor'
""2021-01-26 21:53:11 [restartedMain] INFO  o.s.s.c.ThreadPoolTaskScheduler - Initializing ExecutorService 'taskScheduler'
""2021-01-26 21:53:11 [restartedMain] INFO  o.s.b.d.a.OptionalLiveReloadServer - LiveReload server is running on port 35729
""2021-01-26 21:53:11 [restartedMain] INFO  o.s.b.w.e.tomcat.TomcatWebServer - Tomcat started on port(s): 8080 (http) with context path ''
""2021-01-26 21:53:11 [restartedMain] INFO  com.example.demo.DemoApplication - Started DemoApplication in 10.295 seconds (JVM running for 12.792)
""2021-01-26 22:09:48 [restartedMain] INFO  com.example.demo.DemoApplication - Starting DemoApplication using Java 10.0.2 on WIN-6SHC6RFF30Q with PID 5916 (D:\Рабочая папка\Лёхич\Java\Blog\target\classes started by User in D:\Рабочая папка\Лёхич\Java\Blog)
""2021-01-26 22:09:48 [restartedMain] INFO  com.example.demo.DemoApplication - No active profile set, falling back to default profiles: default
""2021-01-26 22:09:48 [restartedMain] INFO  o.s.b.d.e.DevToolsPropertyDefaultsPostProcessor - Devtools property defaults active! Set 'spring.devtools.add-properties' to 'false' to disable
""2021-01-26 22:09:48 [restartedMain] INFO  o.s.b.d.e.DevToolsPropertyDefaultsPostProcessor - For additional web related logging consider setting the 'logging.level.web' property to 'DEBUG'
""2021-01-26 22:09:50 [restartedMain] INFO  o.s.d.r.c.RepositoryConfigurationDelegate - Bootstrapping Spring Data JPA repositories in DEFAULT mode.
""2021-01-26 22:09:50 [restartedMain] INFO  o.s.d.r.c.RepositoryConfigurationDelegate - Finished Spring Data repository scanning in 107 ms. Found 3 JPA repository interfaces.
""2021-01-26 22:09:51 [restartedMain] INFO  o.s.c.s.PostProcessorRegistrationDelegate$BeanPostProcessorChecker - Bean 'org.springframework.security.access.expression.method.DefaultMethodSecurityExpressionHandler@505d01c8' of type [org.springframework.security.access.expression.method.DefaultMethodSecurityExpressionHandler] is not eligible for getting processed by all BeanPostProcessors (for example: not eligible for auto-proxying)
""2021-01-26 22:09:51 [restartedMain] INFO  o.s.c.s.PostProcessorRegistrationDelegate$BeanPostProcessorChecker - Bean 'methodSecurityMetadataSource' of type [org.springframework.security.access.method.DelegatingMethodSecurityMetadataSource] is not eligible for getting processed by all BeanPostProcessors (for example: not eligible for auto-proxying)
""2021-01-26 22:09:51 [restartedMain] INFO  o.s.b.w.e.tomcat.TomcatWebServer - Tomcat initialized with port(s): 8080 (http)
""2021-01-26 22:09:51 [restartedMain] INFO  o.a.catalina.core.StandardService - Starting service [Tomcat]
""2021-01-26 22:09:51 [restartedMain] INFO  o.a.catalina.core.StandardEngine - Starting Servlet engine: [Apache Tomcat/9.0.41]
""2021-01-26 22:09:52 [restartedMain] INFO  o.a.c.c.C.[Tomcat].[localhost].[/] - Initializing Spring embedded WebApplicationContext
""2021-01-26 22:09:52 [restartedMain] INFO  o.s.b.w.s.c.ServletWebServerApplicationContext - Root WebApplicationContext: initialization completed in 3297 ms
""2021-01-26 22:09:52 [restartedMain] INFO  o.h.jpa.internal.util.LogHelper - HHH000204: Processing PersistenceUnitInfo [name: default]
""2021-01-26 22:09:52 [restartedMain] INFO  org.hibernate.Version - HHH000412: Hibernate ORM core version 5.4.27.Final
""2021-01-26 22:09:52 [restartedMain] INFO  o.h.annotations.common.Version - HCANN000001: Hibernate Commons Annotations {5.1.2.Final}
""2021-01-26 22:09:52 [restartedMain] INFO  com.zaxxer.hikari.HikariDataSource - HikariPool-1 - Starting...
""2021-01-26 22:09:53 [restartedMain] INFO  com.zaxxer.hikari.HikariDataSource - HikariPool-1 - Start completed.
""2021-01-26 22:09:53 [restartedMain] INFO  org.hibernate.dialect.Dialect - HHH000400: Using dialect: org.hibernate.dialect.MySQL8Dialect
""2021-01-26 22:09:54 [restartedMain] INFO  o.h.e.t.j.p.i.JtaPlatformInitiator - HHH000490: Using JtaPlatform implementation: [org.hibernate.engine.transaction.jta.platform.internal.NoJtaPlatform]
""2021-01-26 22:09:54 [restartedMain] INFO  o.s.o.j.LocalContainerEntityManagerFactoryBean - Initialized JPA EntityManagerFactory for persistence unit 'default'
""2021-01-26 22:09:54 [restartedMain] WARN  o.s.b.a.o.j.JpaBaseConfiguration$JpaWebConfiguration - spring.jpa.open-in-view is enabled by default. Therefore, database queries may be performed during view rendering. Explicitly configure spring.jpa.open-in-view to disable this warning
""2021-01-26 22:09:56 [restartedMain] INFO  o.s.s.web.DefaultSecurityFilterChain - Will secure any request with [org.springframework.security.web.context.request.async.WebAsyncManagerIntegrationFilter@1e4a8c72, org.springframework.security.web.context.SecurityContextPersistenceFilter@5170727f, org.springframework.security.web.header.HeaderWriterFilter@560aa405, org.springframework.security.web.authentication.logout.LogoutFilter@d083634, org.springframework.security.web.savedrequest.RequestCacheAwareFilter@5ba2343c, org.springframework.security.web.servletapi.SecurityContextHolderAwareRequestFilter@42999108, org.springframework.security.web.authentication.AnonymousAuthenticationFilter@2c524945, org.springframework.security.web.session.SessionManagementFilter@cfbcf35, org.springframework.security.web.access.ExceptionTranslationFilter@1f2b7806]
""2021-01-26 22:09:56 [restartedMain] INFO  o.s.s.c.ThreadPoolTaskExecutor - Initializing ExecutorService 'applicationTaskExecutor'
""2021-01-26 22:09:57 [restartedMain] INFO  o.s.s.c.ThreadPoolTaskScheduler - Initializing ExecutorService 'taskScheduler'
""2021-01-26 22:09:57 [restartedMain] INFO  o.s.b.d.a.OptionalLiveReloadServer - LiveReload server is running on port 35729
""2021-01-26 22:09:57 [restartedMain] INFO  o.s.b.w.e.tomcat.TomcatWebServer - Tomcat started on port(s): 8080 (http) with context path ''
""2021-01-26 22:09:57 [restartedMain] INFO  com.example.demo.DemoApplication - Started DemoApplication in 10.093 seconds (JVM running for 12.73)
""2021-01-26 22:10:21 [http-nio-8080-exec-1] INFO  o.a.c.c.C.[Tomcat].[localhost].[/] - Initializing Spring DispatcherServlet 'dispatcherServlet'
""2021-01-26 22:10:21 [http-nio-8080-exec-1] INFO  o.s.web.servlet.DispatcherServlet - Initializing Servlet 'dispatcherServlet'
""2021-01-26 22:10:21 [http-nio-8080-exec-1] INFO  o.s.web.servlet.DispatcherServlet - Completed initialization in 0 ms
""2021-01-26 22:10:28 [http-nio-8080-exec-1] INFO  c.e.demo.service.UserServiceImpl - Email with text Please, send us this code to reset your password 6037 was sent to address Tuteishyf@gmail.com.
""2021-01-26 22:10:28 [http-nio-8080-exec-1] INFO  c.e.demo.service.UserServiceImpl - Code ResetCode(id=3, code=6037, expiryDate=Tue Jan 26 22:25:21 MSK 2021, user=User(id=2, firstName=Nemec, lastName=Nemec, email=Tuteishyf@gmail.com, createdAt=2021-01-26 21:27:49.265, enabled=true)) was created.
"